env: load .env.local .env
env: export SUPABASE_URL SUPABASE_ANON_KEY SUPABASE_SERVICE_ROLE_KEY
Starting project at /home/tunga/HUB/BUs/flash_report_supabase
Starting Metro Bundler
warning: Bundler cache is empty, rebuilding (this may take a minute)
Skipping dependency validation in offline mode
Waiting on http://localhost:8081
Logs for your project will appear below.
Web ./index.ts ░░░░░░░░░░░░░░░░  0.0% (0/1)
Web ./index.ts ▓▓░░░░░░░░░░░░░░ 17.2% (119/287)
Web ./index.ts ▓▓▓▓▓▓░░░░░░░░░░ 40.3% (455/717)
Web ./index.ts ▓▓▓▓▓▓▓▓▓▓░░░░░░ 66.2% ( 824/1033)
Web ./index.ts ▓▓▓▓▓▓▓▓▓▓▓▓▓▓░░ 91.0% (1265/1326)
Web Bundled 14687ms index.ts (1359 modules)
 LOG  [web] Logs will appear in the browser console
Web ./index.ts ░░░░░░░░░░░░░░░░  0.0% (0/1)
Web Bundled 79ms index.ts (1 module)
 LOG  [web] Logs will appear in the browser console
Web ./index.ts ░░░░░░░░░░░░░░░░  0.0% (0/1)
Web ./index.ts ▓▓▓▓▓░░░░░░░░░░░ 33.7% (275/511)
Web ./index.ts ▓▓▓▓▓▓▓▓▓▓░░░░░░ 66.9% (790/974)
Web ./index.ts ▓▓▓▓▓▓▓▓▓▓▓▓▓▓░░ 91.7% (1260/1316)
Web Bundled 11480ms index.ts (1359 modules)
