env: load .env.local .env
env: export SUPABASE_URL SUPABASE_ANON_KEY SUPABASE_SERVICE_ROLE_KEY
Starting project at /home/tunga/HUB/BUs/flash_report_supabase
Starting Metro Bundler
warning: Bundler cache is empty, rebuilding (this may take a minute)
Skipping dependency validation in offline mode
Waiting on http://localhost:8081
Logs for your project will appear below.
Web ./index.ts ░░░░░░░░░░░░░░░░  0.0% (0/1)
Web ./index.ts ▓▓░░░░░░░░░░░░░░ 13.7% ( 92/264)
Web ./index.ts ▓▓▓▓░░░░░░░░░░░░ 29.9% (374/718)
Web ./index.ts ▓▓▓▓▓▓▓▓▓░░░░░░░ 61.4% (735/938)
Web ./index.ts ▓▓▓▓▓▓▓▓▓▓▓▓░░░░ 80.1% (1068/1193)
Web Bundled 16391ms index.ts (1360 modules)
 LOG  [web] Logs will appear in the browser console
Web ./index.ts ░░░░░░░░░░░░░░░░  0.0% (0/1)
Web Bundled 72ms index.ts (1 module)
 LOG  [web] Logs will appear in the browser console
Web ./index.ts ░░░░░░░░░░░░░░░░  0.0% (0/1)
Web ./index.ts ▓▓▓▓▓░░░░░░░░░░░ 36.1% (245/410)
Web ./index.ts ▓▓▓▓▓▓▓▓░░░░░░░░ 53.9% (690/958)
Web ./index.ts ▓▓▓▓▓▓▓▓▓▓▓▓░░░░ 80.4% (1108/1236)
Web Bundled 12604ms index.ts (1361 modules)
